2019-02-19 16:29:31 [scrapy.utils.log] INFO: Scrapy 1.5.1 started (bot: ishuhui)
2019-02-19 16:29:31 [scrapy.utils.log] INFO: Versions: lxml 4.1.0.0, libxml2 2.9.4, cssselect 1.0.3, parsel 1.5.1, w3lib 1.19.0, Twisted 18.9.0, Python 3.6.3 |Anaconda custom (64-bit)| (default, Oct 15 2017, 03:27:45) [MSC v.1900 64 bit (AMD64)], pyOpenSSL 17.2.0 (OpenSSL 1.0.2o  27 Mar 2018), cryptography 2.0.3, Platform Windows-10-10.0.17134-SP0
2019-02-19 16:29:31 [scrapy.crawler] INFO: Overridden settings: {'AUTOTHROTTLE_ENABLED': True, 'BOT_NAME': 'ishuhui', 'CONCURRENT_REQUESTS': 10000, 'DOWNLOAD_TIMEOUT': 500, 'LOG_FILE': 'ishuhui.log', 'LOG_LEVEL': 'INFO', 'NEWSPIDER_MODULE': 'ishuhui.spiders', 'SPIDER_MODULES': ['ishuhui.spiders'], 'USER_AGENT': 'Mozilla/5.0 (Windows NT 6.1; WOW64) AppleWebKit/537.36 (KHTML, like Gecko) Chrome/62.0.3202.75 Safari/537.36'}
2019-02-19 16:29:31 [scrapy.middleware] INFO: Enabled extensions:
['scrapy.extensions.corestats.CoreStats',
 'scrapy.extensions.telnet.TelnetConsole',
 'scrapy.extensions.logstats.LogStats',
 'scrapy.extensions.throttle.AutoThrottle']
2019-02-19 16:29:32 [scrapy.middleware] INFO: Enabled downloader middlewares:
['scrapy.downloadermiddlewares.httpauth.HttpAuthMiddleware',
 'scrapy.downloadermiddlewares.downloadtimeout.DownloadTimeoutMiddleware',
 'scrapy.downloadermiddlewares.defaultheaders.DefaultHeadersMiddleware',
 'scrapy.downloadermiddlewares.useragent.UserAgentMiddleware',
 'scrapy.downloadermiddlewares.retry.RetryMiddleware',
 'scrapy.downloadermiddlewares.redirect.MetaRefreshMiddleware',
 'scrapy.downloadermiddlewares.httpcompression.HttpCompressionMiddleware',
 'scrapy.downloadermiddlewares.redirect.RedirectMiddleware',
 'scrapy.downloadermiddlewares.cookies.CookiesMiddleware',
 'scrapy.downloadermiddlewares.httpproxy.HttpProxyMiddleware',
 'scrapy.downloadermiddlewares.stats.DownloaderStats']
2019-02-19 16:29:32 [scrapy.middleware] INFO: Enabled spider middlewares:
['scrapy.spidermiddlewares.httperror.HttpErrorMiddleware',
 'scrapy.spidermiddlewares.offsite.OffsiteMiddleware',
 'scrapy.spidermiddlewares.referer.RefererMiddleware',
 'scrapy.spidermiddlewares.urllength.UrlLengthMiddleware',
 'scrapy.spidermiddlewares.depth.DepthMiddleware']
2019-02-19 16:29:32 [scrapy.middleware] INFO: Enabled item pipelines:
['ishuhui.pipelines.IshuhuiImagesPipeline']
2019-02-19 16:29:32 [scrapy.core.engine] INFO: Spider opened
2019-02-19 16:29:32 [scrapy.extensions.logstats] INFO: Crawled 0 pages (at 0 pages/min), scraped 0 items (at 0 items/min)
2019-02-19 16:30:03 [scrapy.core.engine] INFO: Closing spider (finished)
2019-02-19 16:30:03 [scrapy.statscollectors] INFO: Dumping Scrapy stats:
{'downloader/request_bytes': 20316,
 'downloader/request_count': 59,
 'downloader/request_method_count/GET': 59,
 'downloader/response_bytes': 14949882,
 'downloader/response_count': 59,
 'downloader/response_status_count/200': 59,
 'file_count': 88,
 'file_status_count/downloaded': 54,
 'file_status_count/uptodate': 34,
 'finish_reason': 'finished',
 'finish_time': datetime.datetime(2019, 2, 19, 8, 30, 3, 547497),
 'item_scraped_count': 88,
 'log_count/INFO': 7,
 'response_received_count': 59,
 'scheduler/dequeued': 5,
 'scheduler/dequeued/memory': 5,
 'scheduler/enqueued': 5,
 'scheduler/enqueued/memory': 5,
 'start_time': datetime.datetime(2019, 2, 19, 8, 29, 32, 33722)}
2019-02-19 16:30:03 [scrapy.core.engine] INFO: Spider closed (finished)
